2024-07-19 22:05:12.428  INFO 2956 --- [main] com.expense.ExpenseApplication           : Starting ExpenseApplication on DESKTOP-6V2QJ1Q with PID 2956 (C:\DO-United\GitHubRepo\EM_DarkLaunch\target\classes started by MELISA AGUIRRE in C:\DO-United\GitHubRepo\EM_DarkLaunch)
2024-07-19 22:05:12.433  INFO 2956 --- [main] com.expense.ExpenseApplication           : No active profile set, falling back to default profiles: default
2024-07-19 22:05:13.611  INFO 2956 --- [main] .s.d.r.c.RepositoryConfigurationDelegate : Bootstrapping Spring Data repositories in DEFAULT mode.
2024-07-19 22:05:13.747  INFO 2956 --- [main] .s.d.r.c.RepositoryConfigurationDelegate : Finished Spring Data repository scanning in 118ms. Found 2 repository interfaces.
2024-07-19 22:05:14.441  INFO 2956 --- [main] trationDelegate$BeanPostProcessorChecker : Bean 'org.springframework.transaction.annotation.ProxyTransactionManagementConfiguration' of type [org.springframework.transaction.annotation.ProxyTransactionManagementConfiguration$$EnhancerBySpringCGLIB$$9c3766ce] is not eligible for getting processed by all BeanPostProcessors (for example: not eligible for auto-proxying)
2024-07-19 22:05:15.753  INFO 2956 --- [main] o.s.b.w.embedded.tomcat.TomcatWebServer  : Tomcat initialized with port(s): 8088 (http)
2024-07-19 22:05:15.798  INFO 2956 --- [main] o.apache.catalina.core.StandardService   : Starting service [Tomcat]
2024-07-19 22:05:15.798  INFO 2956 --- [main] org.apache.catalina.core.StandardEngine  : Starting Servlet engine: [Apache Tomcat/9.0.16]
2024-07-19 22:05:15.819  INFO 2956 --- [main] o.a.catalina.core.AprLifecycleListener   : The APR based Apache Tomcat Native library which allows optimal performance in production environments was not found on the java.library.path: [C:\Program Files\Java\jdk1.8.0_271\bin;C:\WINDOWS\Sun\Java\bin;C:\WINDOWS\system32;C:\WINDOWS;C:/Users/MELISA AGUIRRE/.p2/pool/plugins/org.eclipse.justj.openjdk.hotspot.jre.full.win32.x86_64_22.0.1.v20240426-1149/jre/bin/server;C:/Users/MELISA AGUIRRE/.p2/pool/plugins/org.eclipse.justj.openjdk.hotspot.jre.full.win32.x86_64_22.0.1.v20240426-1149/jre/bin;C:\Python312\Scripts\;C:\Python312\;C:\Program Files\Common Files\Oracle\Java\javapath;C:\Program Files (x86)\Common Files\Oracle\Java\javapath;C:\WINDOWS\system32;C:\WINDOWS;C:\WINDOWS\System32\Wbem;C:\WINDOWS\System32\WindowsPowerShell\v1.0\;C:\WINDOWS\System32\OpenSSH\;C:\Program Files (x86)\PICT\;C:\descargamaven\bin;C:\Users\MELISA AGUIRRE\AppData\Local\Android\Sdk\tools;C:\Users\MELISA AGUIRRE\AppData\Local\Android\Sdk\platform-tools;C:\Users\MELISA AGUIRRE\AppData\Local\Android\Sdk\tools\bin;C:\Program Files\Java\jdk1.8.0_271\bin;C:\Program Files\MySQL\MySQL Server 8.0\bin;C:\Program Files\nodejs\;C:\ProgramData\chocolatey\bin;C:\gradle\gradle-8.7\bin;C:\Program Files\Git\cmd;C:\Users\MELISA AGUIRRE\AppData\Local\Microsoft\WindowsApps;C:\Users\MELISA AGUIRRE\AppData\Local\Programs\Microsoft VS Code\bin;C:\Program Files\Java\jdk1.8.0_271\bin;C:\Users\MELISA AGUIRRE\AppData\Roaming\npm;C:\Program Files\JetBrains\IntelliJ IDEA Community Edition 2024.1.3\bin;;C:\Users\MELISA AGUIRRE\AppData\Local\GitHubDesktop\bin;C:\WINDOWS\System32;;.]
2024-07-19 22:05:16.433  INFO 2956 --- [main] org.apache.jasper.servlet.TldScanner     : At least one JAR was scanned for TLDs yet contained no TLDs. Enable debug logging for this logger for a complete list of JARs that were scanned but no TLDs were found in them. Skipping unneeded JARs during scanning can improve startup time and JSP compilation time.
2024-07-19 22:05:16.442  INFO 2956 --- [main] o.a.c.c.C.[Tomcat].[localhost].[/]       : Initializing Spring embedded WebApplicationContext
2024-07-19 22:05:16.443  INFO 2956 --- [main] o.s.web.context.ContextLoader            : Root WebApplicationContext: initialization completed in 3919 ms
2024-07-19 22:05:16.729  INFO 2956 --- [main] com.zaxxer.hikari.HikariDataSource       : HikariPool-1 - Starting...
2024-07-19 22:05:17.009  INFO 2956 --- [main] com.zaxxer.hikari.HikariDataSource       : HikariPool-1 - Start completed.
2024-07-19 22:05:17.147  INFO 2956 --- [main] o.hibernate.jpa.internal.util.LogHelper  : HHH000204: Processing PersistenceUnitInfo [
	name: default
	...]
2024-07-19 22:05:17.274  INFO 2956 --- [main] org.hibernate.Version                    : HHH000412: Hibernate Core {5.3.7.Final}
2024-07-19 22:05:17.277  INFO 2956 --- [main] org.hibernate.cfg.Environment            : HHH000206: hibernate.properties not found
2024-07-19 22:05:17.543  INFO 2956 --- [main] o.hibernate.annotations.common.Version   : HCANN000001: Hibernate Commons Annotations {5.0.4.Final}
2024-07-19 22:05:17.872  INFO 2956 --- [main] org.hibernate.dialect.Dialect            : HHH000400: Using dialect: org.hibernate.dialect.H2Dialect
2024-07-19 22:05:19.440  INFO 2956 --- [main] o.h.t.schema.internal.SchemaCreatorImpl  : HHH000476: Executing import script 'org.hibernate.tool.schema.internal.exec.ScriptSourceInputNonExistentImpl@6169be09'
2024-07-19 22:05:19.445  INFO 2956 --- [main] j.LocalContainerEntityManagerFactoryBean : Initialized JPA EntityManagerFactory for persistence unit 'default'
2024-07-19 22:05:20.067  INFO 2956 --- [main] o.h.h.i.QueryTranslatorFactoryInitiator  : HHH000397: Using ASTQueryTranslatorFactory
2024-07-19 22:05:21.127  INFO 2956 --- [main] o.s.s.web.DefaultSecurityFilterChain     : Creating filter chain: Ant [pattern='/**'], [org.springframework.security.web.context.request.async.WebAsyncManagerIntegrationFilter@3c07e830, org.springframework.security.web.context.SecurityContextPersistenceFilter@75dd0f94, org.springframework.security.web.header.HeaderWriterFilter@3316527e, org.springframework.security.web.csrf.CsrfFilter@640a8f93, org.springframework.security.web.authentication.logout.LogoutFilter@1f42366, org.springframework.security.web.authentication.UsernamePasswordAuthenticationFilter@10bdfbcc, org.springframework.security.web.savedrequest.RequestCacheAwareFilter@249b54af, org.springframework.security.web.servletapi.SecurityContextHolderAwareRequestFilter@45297e7, org.springframework.security.web.authentication.AnonymousAuthenticationFilter@34beadce, org.springframework.security.web.session.SessionManagementFilter@15186ce0, org.springframework.security.web.access.ExceptionTranslationFilter@5ad6f98e, org.springframework.security.web.access.intercept.FilterSecurityInterceptor@314f59b]
2024-07-19 22:05:21.448  INFO 2956 --- [main] o.s.s.concurrent.ThreadPoolTaskExecutor  : Initializing ExecutorService 'applicationTaskExecutor'
2024-07-19 22:05:21.545  WARN 2956 --- [main] aWebConfiguration$JpaWebMvcConfiguration : spring.jpa.open-in-view is enabled by default. Therefore, database queries may be performed during view rendering. Explicitly configure spring.jpa.open-in-view to disable this warning
2024-07-19 22:05:21.950  INFO 2956 --- [main] o.s.b.w.embedded.tomcat.TomcatWebServer  : Tomcat started on port(s): 8088 (http) with context path ''
2024-07-19 22:05:21.953  INFO 2956 --- [main] com.expense.ExpenseApplication           : Started ExpenseApplication in 10.286 seconds (JVM running for 11.313)
2024-07-19 22:07:52.413  INFO 2956 --- [http-nio-8088-exec-1] o.a.c.c.C.[Tomcat].[localhost].[/]       : Initializing Spring DispatcherServlet 'dispatcherServlet'
2024-07-19 22:07:52.414  INFO 2956 --- [http-nio-8088-exec-1] o.s.web.servlet.DispatcherServlet        : Initializing Servlet 'dispatcherServlet'
2024-07-19 22:07:52.434  INFO 2956 --- [http-nio-8088-exec-1] o.s.web.servlet.DispatcherServlet        : Completed initialization in 20 ms
2024-07-19 22:08:19.796  INFO 2956 --- [http-nio-8088-exec-3] c.l.sdk.server.LDClient.DataSource       : Enabling streaming API
2024-07-19 22:08:19.859  INFO 2956 --- [http-nio-8088-exec-3] com.launchdarkly.sdk.server.LDClient     : Waiting up to 5000 milliseconds for LaunchDarkly client to start...
2024-07-19 22:08:21.308  INFO 2956 --- [LaunchDarkly-streaming] c.l.sdk.server.LDClient.DataSource       : Initialized LaunchDarkly client.
2024-07-19 22:08:21.317  INFO 2956 --- [http-nio-8088-exec-3] com.launchdarkly.sdk.server.LDClient     : Closing LaunchDarkly Client
2024-07-19 22:08:21.659  INFO 2956 --- [http-nio-8088-exec-3] c.l.sdk.server.LDClient.DataSource       : Closing LaunchDarkly StreamProcessor
2024-07-19 22:10:10.800  INFO 2956 --- [http-nio-8088-exec-10] c.l.sdk.server.LDClient.DataSource       : Enabling streaming API
2024-07-19 22:10:10.802  INFO 2956 --- [http-nio-8088-exec-10] com.launchdarkly.sdk.server.LDClient     : Waiting up to 5000 milliseconds for LaunchDarkly client to start...
2024-07-19 22:10:11.651  INFO 2956 --- [LaunchDarkly-streaming] c.l.sdk.server.LDClient.DataSource       : Initialized LaunchDarkly client.
2024-07-19 22:10:11.652  INFO 2956 --- [http-nio-8088-exec-10] com.launchdarkly.sdk.server.LDClient     : Closing LaunchDarkly Client
2024-07-19 22:10:11.791  INFO 2956 --- [http-nio-8088-exec-10] c.l.sdk.server.LDClient.DataSource       : Closing LaunchDarkly StreamProcessor
